[[(0, 1), (1, 1), (2, 1)], [(1, 1), (0, 2), (1, 1)], [(2, 1), (2, 1), (0, 1)]]
trying to swap ((0, 0), (0, 1))
path is [((0, 0), (0, 1))]
found None
trying to swap ((0, 0), (0, 2))
path is [((0, 0), (0, 2))]
trying to swap ((0, 2), (1, 2))
path is [((0, 0), (0, 2)), ((0, 2), (1, 2))]
found None
trying to swap ((0, 2), (2, 2))
path is [((0, 0), (0, 2)), ((0, 2), (2, 2))]
trying to swap ((2, 2), (2, 0))
path is [((0, 0), (0, 2)), ((0, 2), (2, 2)), ((2, 2), (2, 0))]
found None
trying to swap ((2, 2), (2, 1))
path is [((0, 0), (0, 2)), ((0, 2), (2, 2)), ((2, 2), (2, 1))]
trying to swap ((2, 1), (1, 1))
path is [((0, 0), (0, 2)), ((0, 2), (2, 2)), ((2, 2), (2, 1)), ((2, 1), (1, 1))]
trying to swap ((1, 1), (1, 0))
path is [((0, 0), (0, 2)), ((0, 2), (2, 2)), ((2, 2), (2, 1)), ((2, 1), (1, 1)), ((1, 1), (1, 0))]
found None
found None
found None
found None
found None
trying to swap ((0, 0), (1, 0))
path is [((0, 0), (0, 2)), ((0, 0), (1, 0))]
found None
trying to swap ((0, 0), (2, 0))
path is [((0, 0), (0, 2)), ((0, 0), (2, 0))]
found None
[[(0, 1), (1, 1), (2, 1)], [(1, 1), (0, 2), (1, 1)], [(2, 1), (2, 1), (0, 1)]]
trying to swap ((0, 1), (0, 0))
path is [((0, 1), (0, 0))]
found None
trying to swap ((0, 1), (0, 2))
path is [((0, 1), (0, 2))]
trying to swap ((0, 2), (1, 2))
path is [((0, 1), (0, 2)), ((0, 2), (1, 2))]
found None
trying to swap ((0, 2), (2, 2))
path is [((0, 1), (0, 2)), ((0, 2), (2, 2))]
trying to swap ((2, 2), (2, 0))
path is [((0, 1), (0, 2)), ((0, 2), (2, 2)), ((2, 2), (2, 0))]
found None
trying to swap ((2, 2), (2, 1))
path is [((0, 1), (0, 2)), ((0, 2), (2, 2)), ((2, 2), (2, 1))]
trying to swap ((2, 1), (1, 1))
path is [((0, 1), (0, 2)), ((0, 2), (2, 2)), ((2, 2), (2, 1)), ((2, 1), (1, 1))]
trying to swap ((1, 1), (1, 0))
path is [((0, 1), (0, 2)), ((0, 2), (2, 2)), ((2, 2), (2, 1)), ((2, 1), (1, 1)), ((1, 1), (1, 0))]
found None
found None
found None
found None
found None
trying to swap ((0, 1), (1, 1))
path is [((0, 1), (0, 2)), ((0, 1), (1, 1))]
found None
trying to swap ((0, 1), (2, 1))
path is [((0, 1), (0, 2)), ((0, 1), (2, 1))]
found None
[[(0, 1), (1, 1), (2, 1)], [(1, 1), (0, 2), (1, 1)], [(2, 1), (2, 1), (0, 1)]]
trying to swap ((0, 2), (0, 0))
path is [((0, 2), (0, 0))]
found None
trying to swap ((0, 2), (0, 1))
path is [((0, 2), (0, 1))]
trying to swap ((0, 1), (1, 1))
path is [((0, 2), (0, 1)), ((0, 1), (1, 1))]
trying to swap ((1, 1), (1, 0))
path is [((0, 2), (0, 1)), ((0, 1), (1, 1)), ((1, 1), (1, 0))]
found None
trying to swap ((1, 1), (1, 2))
path is [((0, 2), (0, 1)), ((0, 1), (1, 1)), ((1, 1), (1, 2))]
trying to swap ((1, 2), (2, 2))
path is [((0, 2), (0, 1)), ((0, 1), (1, 1)), ((1, 1), (1, 2)), ((1, 2), (2, 2))]
found None
found None
trying to swap ((1, 1), (2, 1))
path is [((0, 2), (0, 1)), ((0, 1), (1, 1)), ((1, 1), (1, 2)), ((1, 1), (2, 1))]
trying to swap ((2, 1), (2, 0))
path is [((0, 2), (0, 1)), ((0, 1), (1, 1)), ((1, 1), (1, 2)), ((1, 1), (2, 1)), ((2, 1), (2, 0))]
found None
found None
found None
trying to swap ((0, 1), (2, 1))
path is [((0, 2), (0, 1)), ((0, 1), (1, 1)), ((0, 1), (2, 1))]
found None
found None
trying to swap ((0, 2), (1, 2))
path is [((0, 2), (0, 1)), ((0, 1), (1, 1)), ((0, 2), (1, 2))]
found None
trying to swap ((0, 2), (2, 2))
path is [((0, 2), (0, 1)), ((0, 1), (1, 1)), ((0, 2), (2, 2))]
found None
[[(0, 1), (1, 1), (2, 1)], [(1, 1), (0, 2), (1, 1)], [(2, 1), (2, 1), (0, 1)]]
trying to swap ((1, 0), (1, 1))
path is [((1, 0), (1, 1))]
trying to swap ((1, 1), (1, 2))
path is [((1, 0), (1, 1)), ((1, 1), (1, 2))]
found None
trying to swap ((1, 1), (0, 1))
path is [((1, 0), (1, 1)), ((1, 1), (0, 1))]
trying to swap ((0, 1), (0, 0))
path is [((1, 0), (1, 1)), ((1, 1), (0, 1)), ((0, 1), (0, 0))]
found None
trying to swap ((0, 1), (0, 2))
path is [((1, 0), (1, 1)), ((1, 1), (0, 1)), ((0, 1), (0, 2))]
trying to swap ((0, 2), (2, 2))
path is [((1, 0), (1, 1)), ((1, 1), (0, 1)), ((0, 1), (0, 2)), ((0, 2), (2, 2))]
found None
found None
trying to swap ((0, 1), (2, 1))
path is [((1, 0), (1, 1)), ((1, 1), (0, 1)), ((0, 1), (0, 2)), ((0, 1), (2, 1))]
trying to swap ((2, 1), (2, 0))
path is [((1, 0), (1, 1)), ((1, 1), (0, 1)), ((0, 1), (0, 2)), ((0, 1), (2, 1)), ((2, 1), (2, 0))]
found None
found None
found None
trying to swap ((1, 1), (2, 1))
path is [((1, 0), (1, 1)), ((1, 1), (0, 1)), ((1, 1), (2, 1))]
found None
found None
trying to swap ((1, 0), (1, 2))
path is [((1, 0), (1, 1)), ((1, 0), (1, 2))]
found None
trying to swap ((1, 0), (0, 0))
path is [((1, 0), (1, 1)), ((1, 0), (0, 0))]
found None
trying to swap ((1, 0), (2, 0))
path is [((1, 0), (1, 1)), ((1, 0), (2, 0))]
found None
[[(0, 1), (1, 1), (2, 1)], [(1, 1), (0, 2), (1, 1)], [(2, 1), (2, 1), (0, 1)]]
trying to swap ((1, 1), (1, 0))
path is [((1, 1), (1, 0))]
found None
trying to swap ((1, 1), (1, 2))
path is [((1, 1), (1, 2))]
found None
trying to swap ((1, 1), (0, 1))
path is [((1, 1), (0, 1))]
trying to swap ((0, 1), (0, 0))
path is [((1, 1), (0, 1)), ((0, 1), (0, 0))]
found None
trying to swap ((0, 1), (0, 2))
path is [((1, 1), (0, 1)), ((0, 1), (0, 2))]
trying to swap ((0, 2), (2, 2))
path is [((1, 1), (0, 1)), ((0, 1), (0, 2)), ((0, 2), (2, 2))]
found None
found None
trying to swap ((0, 1), (2, 1))
path is [((1, 1), (0, 1)), ((0, 1), (0, 2)), ((0, 1), (2, 1))]
trying to swap ((2, 1), (2, 0))
path is [((1, 1), (0, 1)), ((0, 1), (0, 2)), ((0, 1), (2, 1)), ((2, 1), (2, 0))]
found None
found None
found None
trying to swap ((1, 1), (2, 1))
path is [((1, 1), (0, 1)), ((1, 1), (2, 1))]
found None
[[(0, 1), (1, 1), (2, 1)], [(1, 1), (0, 2), (1, 1)], [(2, 1), (2, 1), (0, 1)]]
trying to swap ((1, 2), (1, 0))
path is [((1, 2), (1, 0))]
found None
trying to swap ((1, 2), (1, 1))
path is [((1, 2), (1, 1))]
trying to swap ((1, 1), (0, 1))
path is [((1, 2), (1, 1)), ((1, 1), (0, 1))]
found None
trying to swap ((1, 1), (2, 1))
path is [((1, 2), (1, 1)), ((1, 1), (2, 1))]
found None
found None
trying to swap ((1, 2), (0, 2))
path is [((1, 2), (1, 1)), ((1, 2), (0, 2))]
trying to swap ((0, 2), (0, 0))
path is [((1, 2), (1, 1)), ((1, 2), (0, 2)), ((0, 2), (0, 0))]
found None
trying to swap ((0, 2), (2, 2))
path is [((1, 2), (1, 1)), ((1, 2), (0, 2)), ((0, 2), (2, 2))]
trying to swap ((2, 2), (2, 0))
path is [((1, 2), (1, 1)), ((1, 2), (0, 2)), ((0, 2), (2, 2)), ((2, 2), (2, 0))]
found None
found None
found None
trying to swap ((1, 2), (2, 2))
path is [((1, 2), (1, 1)), ((1, 2), (0, 2)), ((1, 2), (2, 2))]
found None
[[(0, 1), (1, 1), (2, 1)], [(1, 1), (0, 2), (1, 1)], [(2, 1), (2, 1), (0, 1)]]
trying to swap ((2, 0), (2, 1))
path is [((2, 0), (2, 1))]
found None
trying to swap ((2, 0), (2, 2))
path is [((2, 0), (2, 2))]
trying to swap ((2, 2), (0, 2))
path is [((2, 0), (2, 2)), ((2, 2), (0, 2))]
found None
trying to swap ((2, 2), (1, 2))
path is [((2, 0), (2, 2)), ((2, 2), (1, 2))]
trying to swap ((1, 2), (1, 0))
path is [((2, 0), (2, 2)), ((2, 2), (1, 2)), ((1, 2), (1, 0))]
found None
trying to swap ((1, 2), (1, 1))
path is [((2, 0), (2, 2)), ((2, 2), (1, 2)), ((1, 2), (1, 1))]
trying to swap ((1, 1), (0, 1))
path is [((2, 0), (2, 2)), ((2, 2), (1, 2)), ((1, 2), (1, 1)), ((1, 1), (0, 1))]
found None
found None
found None
found None
trying to swap ((2, 0), (0, 0))
path is [((2, 0), (2, 2)), ((2, 0), (0, 0))]
found None
trying to swap ((2, 0), (1, 0))
path is [((2, 0), (2, 2)), ((2, 0), (1, 0))]
found None
[[(0, 1), (1, 1), (2, 1)], [(1, 1), (0, 2), (1, 1)], [(2, 1), (2, 1), (0, 1)]]
trying to swap ((2, 1), (2, 0))
path is [((2, 1), (2, 0))]
found None
trying to swap ((2, 1), (2, 2))
path is [((2, 1), (2, 2))]
trying to swap ((2, 2), (0, 2))
path is [((2, 1), (2, 2)), ((2, 2), (0, 2))]
found None
trying to swap ((2, 2), (1, 2))
path is [((2, 1), (2, 2)), ((2, 2), (1, 2))]
trying to swap ((1, 2), (1, 0))
path is [((2, 1), (2, 2)), ((2, 2), (1, 2)), ((1, 2), (1, 0))]
found None
trying to swap ((1, 2), (1, 1))
path is [((2, 1), (2, 2)), ((2, 2), (1, 2)), ((1, 2), (1, 1))]
trying to swap ((1, 1), (0, 1))
path is [((2, 1), (2, 2)), ((2, 2), (1, 2)), ((1, 2), (1, 1)), ((1, 1), (0, 1))]
found None
found None
found None
found None
trying to swap ((2, 1), (0, 1))
path is [((2, 1), (2, 2)), ((2, 1), (0, 1))]
found None
trying to swap ((2, 1), (1, 1))
path is [((2, 1), (2, 2)), ((2, 1), (1, 1))]
found None
[[(0, 1), (1, 1), (2, 1)], [(1, 1), (0, 2), (1, 1)], [(2, 1), (2, 1), (0, 1)]]
trying to swap ((2, 2), (2, 0))
path is [((2, 2), (2, 0))]
found None
trying to swap ((2, 2), (2, 1))
path is [((2, 2), (2, 1))]
trying to swap ((2, 1), (0, 1))
path is [((2, 2), (2, 1)), ((2, 1), (0, 1))]
found None
trying to swap ((2, 1), (1, 1))
path is [((2, 2), (2, 1)), ((2, 1), (1, 1))]
trying to swap ((1, 1), (1, 0))
path is [((2, 2), (2, 1)), ((2, 1), (1, 1)), ((1, 1), (1, 0))]
found None
trying to swap ((1, 1), (1, 2))
path is [((2, 2), (2, 1)), ((2, 1), (1, 1)), ((1, 1), (1, 2))]
found None
found None
found None
trying to swap ((2, 2), (0, 2))
path is [((2, 2), (2, 1)), ((2, 2), (0, 2))]
trying to swap ((0, 2), (0, 0))
path is [((2, 2), (2, 1)), ((2, 2), (0, 2)), ((0, 2), (0, 0))]
found None
found None
trying to swap ((2, 2), (1, 2))
path is [((2, 2), (2, 1)), ((2, 2), (0, 2)), ((2, 2), (1, 2))]
found None
[[(0, 1), (1, 1), (2, 1)], [(1, 1), (0, 2), (1, 1)], [(2, 1), (2, 1), (0, 1)]]
Sorry! This game has no solution.
